<?xml version="1.0" encoding="UTF-8"?>
<testsuite name="com.kodilla.spring2.reader.ReaderTestSuite" tests="2" skipped="0" failures="0" errors="0" timestamp="2019-05-15T14:45:35" hostname="DESKTOP-8JPUUQQ" time="0.01">
  <properties/>
  <testcase name="testRead" classname="com.kodilla.spring2.reader.ReaderTestSuite" time="0.005"/>
  <testcase name="testConditional" classname="com.kodilla.spring2.reader.ReaderTestSuite" time="0.004"/>
  <system-out><![CDATA[Reading: The book number one
Bean book2 was found in the container: true
]]></system-out>
  <system-err><![CDATA[]]></system-err>
</testsuite>
