<?xml version="1.0" encoding="UTF-8"?>
<testsuite name="com.kodilla.spring2.SpringRunnerTestSuite" tests="1" skipped="0" failures="0" errors="0" timestamp="2019-05-18T16:03:33" hostname="DESKTOP-8JPUUQQ" time="0.002">
  <properties/>
  <testcase name="contextLoads" classname="com.kodilla.spring2.SpringRunnerTestSuite" time="0.002"/>
  <system-out><![CDATA[2019-05-18 18:03:33.537  INFO 10124 --- [    Test worker] .b.t.c.SpringBootTestContextBootstrapper : Neither @ContextConfiguration nor @ContextHierarchy found for test class [com.kodilla.spring2.SpringRunnerTestSuite], using SpringBootContextLoader
2019-05-18 18:03:33.537  INFO 10124 --- [    Test worker] o.s.t.c.support.AbstractContextLoader    : Could not detect default resource locations for test class [com.kodilla.spring2.SpringRunnerTestSuite]: no resource found for suffixes {-context.xml, Context.groovy}.
2019-05-18 18:03:33.537  INFO 10124 --- [    Test worker] t.c.s.AnnotationConfigContextLoaderUtils : Could not detect default configuration classes for test class [com.kodilla.spring2.SpringRunnerTestSuite]: SpringRunnerTestSuite does not declare any static, non-private, non-final, nested classes annotated with @Configuration.
2019-05-18 18:03:33.537  INFO 10124 --- [    Test worker] .b.t.c.SpringBootTestContextBootstrapper : Found @SpringBootConfiguration com.kodilla.spring2.SpringRunner for test class com.kodilla.spring2.SpringRunnerTestSuite
2019-05-18 18:03:33.547  INFO 10124 --- [    Test worker] .b.t.c.SpringBootTestContextBootstrapper : Loaded default TestExecutionListener class names from location [META-INF/spring.factories]: [org.springframework.boot.test.autoconfigure.restdocs.RestDocsTestExecutionListener, org.springframework.boot.test.autoconfigure.web.client.MockRestServiceServerResetTestExecutionListener, org.springframework.boot.test.autoconfigure.web.servlet.MockMvcPrintOnlyOnFailureTestExecutionListener, org.springframework.boot.test.autoconfigure.web.servlet.WebDriverTestExecutionListener, org.springframework.boot.test.mock.mockito.MockitoTestExecutionListener, org.springframework.boot.test.mock.mockito.ResetMocksTestExecutionListener, org.springframework.test.context.web.ServletTestExecutionListener, org.springframework.test.context.support.DirtiesContextBeforeModesTestExecutionListener, org.springframework.test.context.support.DependencyInjectionTestExecutionListener, org.springframework.test.context.support.DirtiesContextTestExecutionListener, org.springframework.test.context.transaction.TransactionalTestExecutionListener, org.springframework.test.context.jdbc.SqlScriptsTestExecutionListener]
2019-05-18 18:03:33.547  INFO 10124 --- [    Test worker] .b.t.c.SpringBootTestContextBootstrapper : Using TestExecutionListeners: [org.springframework.test.context.support.DirtiesContextBeforeModesTestExecutionListener@38a8f294, org.springframework.boot.test.mock.mockito.MockitoTestExecutionListener@31374d6e, org.springframework.boot.test.autoconfigure.SpringBootDependencyInjectionTestExecutionListener@7ff2cae0, org.springframework.test.context.support.DirtiesContextTestExecutionListener@2c244dbb, org.springframework.boot.test.autoconfigure.restdocs.RestDocsTestExecutionListener@536736f9, org.springframework.boot.test.autoconfigure.web.client.MockRestServiceServerResetTestExecutionListener@58b04dc6, org.springframework.boot.test.autoconfigure.web.servlet.MockMvcPrintOnlyOnFailureTestExecutionListener@31fc29fa, org.springframework.boot.test.autoconfigure.web.servlet.WebDriverTestExecutionListener@3f3be3eb, org.springframework.boot.test.mock.mockito.ResetMocksTestExecutionListener@5501ca0b]
]]></system-out>
  <system-err><![CDATA[]]></system-err>
</testsuite>
