<?xml version="1.0" encoding="UTF-8"?>
<testsuite name="com.kodilla.stream.forum.portfolio.BoardTestSuite" tests="5" skipped="0" failures="0" errors="0" timestamp="2019-05-01T09:22:11" hostname="DESKTOP-8JPUUQQ" time="0.051">
  <properties/>
  <testcase name="testAddTaskList" classname="com.kodilla.stream.forum.portfolio.BoardTestSuite" time="0.032"/>
  <testcase name="testAddTaskListAverageWorkingOnTask" classname="com.kodilla.stream.forum.portfolio.BoardTestSuite" time="0.013"/>
  <testcase name="testAddTaskListFindUsersTasks" classname="com.kodilla.stream.forum.portfolio.BoardTestSuite" time="0.002"/>
  <testcase name="testAddTaskListFindLongTasks" classname="com.kodilla.stream.forum.portfolio.BoardTestSuite" time="0.002"/>
  <testcase name="testAddTaskListFindOutdatedTasks" classname="com.kodilla.stream.forum.portfolio.BoardTestSuite" time="0.002"/>
  <system-out><![CDATA[]]></system-out>
  <system-err><![CDATA[]]></system-err>
</testsuite>
