<?xml version="1.0" encoding="UTF-8"?>
<testsuite name="com.kodilla.stream.forum.wold.WorldTestSuite" tests="1" skipped="0" failures="0" errors="0" timestamp="2019-05-01T09:22:11" hostname="DESKTOP-8JPUUQQ" time="0.003">
  <properties/>
  <testcase name="testGetPeopleQantity" classname="com.kodilla.stream.forum.wold.WorldTestSuite" time="0.003"/>
  <system-out><![CDATA[]]></system-out>
  <system-err><![CDATA[]]></system-err>
</testsuite>
