<?xml version="1.0" encoding="UTF-8"?>
<testsuite name="com.kodilla.stream.forum.Book.BookTestSuite" tests="2" skipped="0" failures="0" errors="0" timestamp="2019-05-01T09:22:11" hostname="DESKTOP-8JPUUQQ" time="0.008">
  <properties/>
  <testcase name="testGetListUsingFor" classname="com.kodilla.stream.forum.Book.BookTestSuite" time="0.002"/>
  <testcase name="testGetListUsingIntStream" classname="com.kodilla.stream.forum.Book.BookTestSuite" time="0.006"/>
  <system-out><![CDATA[]]></system-out>
  <system-err><![CDATA[]]></system-err>
</testsuite>
