<?xml version="1.0" encoding="UTF-8"?>
<testsuite name="com.kodilla.stream.forum.array.ArrayOperationsTestSuite" tests="1" skipped="0" failures="0" errors="0" timestamp="2019-05-01T09:22:11" hostname="DESKTOP-8JPUUQQ" time="0.016">
  <properties/>
  <testcase name="testGetAverage" classname="com.kodilla.stream.forum.array.ArrayOperationsTestSuite" time="0.016"/>
  <system-out><![CDATA[1
22
23
4
25
6
27
28
9
10
11
12
13
14
15
16
17
18
19
20
]]></system-out>
  <system-err><![CDATA[]]></system-err>
</testsuite>
