<?xml version="1.0" encoding="UTF-8"?>
<testsuite name="com.kodilla.testing.colletion.CollectionTestSuite" tests="2" skipped="0" failures="0" errors="0" timestamp="2019-04-18T15:19:15" hostname="DESKTOP-8JPUUQQ" time="0.006">
  <properties/>
  <testcase name="testOddNumberExterminatorEmptyList" classname="com.kodilla.testing.colletion.CollectionTestSuite" time="0.005"/>
  <testcase name="testOddNumberExterminatorNormalList" classname="com.kodilla.testing.colletion.CollectionTestSuite" time="0.001"/>
  <system-out><![CDATA[Testing empty list
List is empty
Test completed
Testing empty list
[10, 12, 14, 16]
Test completed
]]></system-out>
  <system-err><![CDATA[]]></system-err>
</testsuite>
