<?xml version="1.0" encoding="UTF-8"?>
<testsuite name="com.kodilla.testing.forum.statistics.CalculatingStatisticsTestSuite" tests="6" skipped="0" failures="0" errors="0" timestamp="2019-05-10T06:02:05" hostname="DESKTOP-8JPUUQQ" time="0.116">
  <properties/>
  <testcase name="testCalculateAdvStatisticsCommentUserMoreCommentsThenUsers" classname="com.kodilla.testing.forum.statistics.CalculatingStatisticsTestSuite" time="0.112"/>
  <testcase name="testCalculateAdvStatisticsAveragePostUserMoreUsersThenPosts" classname="com.kodilla.testing.forum.statistics.CalculatingStatisticsTestSuite" time="0.001"/>
  <testcase name="testCalculateAdvStatisticsAverageCommentPostMoreCommentsThenPosts" classname="com.kodilla.testing.forum.statistics.CalculatingStatisticsTestSuite" time="0.0"/>
  <testcase name="testCalculateAdvStatisticsAveragePostUserMorePostsThenUsers" classname="com.kodilla.testing.forum.statistics.CalculatingStatisticsTestSuite" time="0.001"/>
  <testcase name="testCalculateAdvStatisticsCommentUserMoreUsersThenComments" classname="com.kodilla.testing.forum.statistics.CalculatingStatisticsTestSuite" time="0.0"/>
  <testcase name="testCalculateAdvStatisticsAverageCommentPostMorePostsThenComments" classname="com.kodilla.testing.forum.statistics.CalculatingStatisticsTestSuite" time="0.0"/>
  <system-out><![CDATA[Starting test
Test number 1
Test number 2
Test number 3
Test number 4
Test number 5
Test number 6
Test ended
]]></system-out>
  <system-err><![CDATA[]]></system-err>
</testsuite>
