<?xml version="1.0" encoding="UTF-8"?>
<testsuite name="com.kodilla.patterns.builder.bigmac.BigmacTestSuite" tests="1" skipped="0" failures="0" errors="0" timestamp="2019-05-28T16:07:06" hostname="DESKTOP-8JPUUQQ" time="0.006">
  <properties/>
  <testcase name="testPizzaBuilder" classname="com.kodilla.patterns.builder.bigmac.BigmacTestSuite" time="0.006"/>
  <system-out><![CDATA[Bigmac{bun='Sesame', burger='2', souce='Standard', ingredients='[Onion, Becon, Cheese]'}
]]></system-out>
  <system-err><![CDATA[]]></system-err>
</testsuite>
