<?xml version="1.0" encoding="UTF-8"?>
<testsuite name="com.kodilla.patterns.singleton.prototype.library.LibraryTestSuite" tests="1" skipped="0" failures="0" errors="0" timestamp="2019-05-23T09:31:33" hostname="DESKTOP-8JPUUQQ" time="0.013">
  <properties/>
  <testcase name="testGetBooks" classname="com.kodilla.patterns.singleton.prototype.library.LibraryTestSuite" time="0.013"/>
  <system-out><![CDATA[[Book{title='Winds of War', author='Christine Golden', publicationDate=2009-08-12}, Book{title='The Witcher', author='Anrzej Sapkowski', publicationDate=1995-02-15}, Book{title='Illidan', author='William King', publicationDate=2012-06-22}]
[Book{title='Winds of War', author='Christine Golden', publicationDate=2009-08-12}, Book{title='Illidan', author='William King', publicationDate=2012-06-22}, Book{title='The Witcher', author='Anrzej Sapkowski', publicationDate=1995-02-15}]
]]></system-out>
  <system-err><![CDATA[]]></system-err>
</testsuite>
