<?xml version="1.0" encoding="UTF-8"?>
<testsuite name="com.kodilla.patterns.strategy.social.UserTestSuite" tests="2" skipped="0" failures="0" errors="0" timestamp="2019-05-23T09:31:33" hostname="DESKTOP-8JPUUQQ" time="0.002">
  <properties/>
  <testcase name="testDefaultSharingStrategies" classname="com.kodilla.patterns.strategy.social.UserTestSuite" time="0.001"/>
  <testcase name="testIndividualSharingStrategy" classname="com.kodilla.patterns.strategy.social.UserTestSuite" time="0.001"/>
  <system-out><![CDATA[User is using Twitter
User is using FaceBook
User is using Snapchat
User is using Twitter
User changed sharing media and now User is using FaceBook
]]></system-out>
  <system-err><![CDATA[]]></system-err>
</testsuite>
